\BOOKMARK [0][-]{chapter.1}{Introduction}{}% 1
\BOOKMARK [1][-]{section.1.1}{Objectives}{chapter.1}% 2
\BOOKMARK [1][-]{section.1.2}{Design overview}{chapter.1}% 3
\BOOKMARK [2][-]{subsection.1.2.1}{The Solution}{section.1.2}% 4
\BOOKMARK [2][-]{subsection.1.2.2}{The Microservices}{section.1.2}% 5
\BOOKMARK [2][-]{subsection.1.2.3}{Databases Design}{section.1.2}% 6
\BOOKMARK [2][-]{subsection.1.2.4}{Technologies introduction}{section.1.2}% 7
\BOOKMARK [2][-]{subsection.1.2.5}{Methodology}{section.1.2}% 8
\BOOKMARK [1][-]{section.1.3}{Authors}{chapter.1}% 9
\BOOKMARK [1][-]{section.1.4}{Overview}{chapter.1}% 10
\BOOKMARK [2][-]{subsection.1.4.1}{Methodology \(Chapter 2\)}{section.1.4}% 11
\BOOKMARK [2][-]{subsection.1.4.2}{Technology Review \(Chapter 3\)}{section.1.4}% 12
\BOOKMARK [2][-]{subsection.1.4.3}{System Design \(Chapter 4\)}{section.1.4}% 13
\BOOKMARK [2][-]{subsection.1.4.4}{System Evaluation \(Chapter 5\)}{section.1.4}% 14
\BOOKMARK [2][-]{subsection.1.4.5}{Conclusion \(Chapter 6\)}{section.1.4}% 15
\BOOKMARK [0][-]{chapter.2}{Methodology}{}% 16
\BOOKMARK [1][-]{section.2.1}{Back-End}{chapter.2}% 17
\BOOKMARK [2][-]{subsection.2.1.1}{System Development life cycle}{section.2.1}% 18
\BOOKMARK [2][-]{subsection.2.1.2}{Selection Criteria}{section.2.1}% 19
\BOOKMARK [2][-]{subsection.2.1.3}{ Testing}{section.2.1}% 20
\BOOKMARK [2][-]{subsection.2.1.4}{Security considerations for authentication}{section.2.1}% 21
\BOOKMARK [2][-]{subsection.2.1.5}{Tools}{section.2.1}% 22
\BOOKMARK [1][-]{section.2.2}{Fron-End}{chapter.2}% 23
\BOOKMARK [2][-]{subsection.2.2.1}{Agile}{section.2.2}% 24
\BOOKMARK [2][-]{subsection.2.2.2}{Project Management Tool}{section.2.2}% 25
\BOOKMARK [2][-]{subsection.2.2.3}{Version Control Tool}{section.2.2}% 26
\BOOKMARK [2][-]{subsection.2.2.4}{Testing}{section.2.2}% 27
\BOOKMARK [0][-]{chapter.3}{Technology Review}{}% 28
\BOOKMARK [1][-]{section.3.1}{Back-End: Technologie Research and Decision }{chapter.3}% 29
\BOOKMARK [2][-]{subsection.3.1.1}{Backend Programing Language}{section.3.1}% 30
\BOOKMARK [2][-]{subsection.3.1.2}{Communication Protocol}{section.3.1}% 31
\BOOKMARK [2][-]{subsection.3.1.3}{Ahutentication Service Database}{section.3.1}% 32
\BOOKMARK [2][-]{subsection.3.1.4}{Profiles Service Database}{section.3.1}% 33
\BOOKMARK [2][-]{subsection.3.1.5}{Store Images}{section.3.1}% 34
\BOOKMARK [2][-]{subsection.3.1.6}{Post Database}{section.3.1}% 35
\BOOKMARK [2][-]{subsection.3.1.7}{running the services}{section.3.1}% 36
\BOOKMARK [1][-]{section.3.2}{Front-End}{chapter.3}% 37
\BOOKMARK [2][-]{subsection.3.2.1}{React Native}{section.3.2}% 38
\BOOKMARK [2][-]{subsection.3.2.2}{gRPC}{section.3.2}% 39
\BOOKMARK [0][-]{chapter.4}{System Design}{}% 40
\BOOKMARK [1][-]{section.4.1}{Ahuthentication Service}{chapter.4}% 41
\BOOKMARK [2][-]{subsection.4.1.1}{Database Replication}{section.4.1}% 42
\BOOKMARK [2][-]{subsection.4.1.2}{Endpoints}{section.4.1}% 43
\BOOKMARK [2][-]{subsection.4.1.3}{Authentication DBA}{section.4.1}% 44
\BOOKMARK [2][-]{subsection.4.1.4}{Hash Service}{section.4.1}% 45
\BOOKMARK [1][-]{section.4.2}{Profiles Service}{chapter.4}% 46
\BOOKMARK [2][-]{subsection.4.2.1}{Request Sequence}{section.4.2}% 47
\BOOKMARK [2][-]{subsection.4.2.2}{Endpoints}{section.4.2}% 48
\BOOKMARK [2][-]{subsection.4.2.3}{The Database}{section.4.2}% 49
\BOOKMARK [1][-]{section.4.3}{Photo service}{chapter.4}% 50
\BOOKMARK [2][-]{subsection.4.3.1}{Request Sequence}{section.4.3}% 51
\BOOKMARK [2][-]{subsection.4.3.2}{The Database}{section.4.3}% 52
\BOOKMARK [2][-]{subsection.4.3.3}{The bucket}{section.4.3}% 53
\BOOKMARK [1][-]{section.4.4}{Post Service}{chapter.4}% 54
\BOOKMARK [2][-]{subsection.4.4.1}{Request Sequence}{section.4.4}% 55
\BOOKMARK [2][-]{subsection.4.4.2}{The database}{section.4.4}% 56
\BOOKMARK [1][-]{section.4.5}{Frontend}{chapter.4}% 57
\BOOKMARK [2][-]{subsection.4.5.1}{Navigation}{section.4.5}% 58
\BOOKMARK [2][-]{subsection.4.5.2}{Client-Server Communication}{section.4.5}% 59
\BOOKMARK [2][-]{subsection.4.5.3}{Prototypes}{section.4.5}% 60
\BOOKMARK [0][-]{chapter.5}{System Evaluation}{}% 61
\BOOKMARK [1][-]{section.5.1}{Back-End}{chapter.5}% 62
\BOOKMARK [2][-]{subsection.5.1.1}{Implementation}{section.5.1}% 63
\BOOKMARK [1][-]{section.5.2}{Frontend}{chapter.5}% 64
\BOOKMARK [2][-]{subsection.5.2.1}{Bugs \046 'Features'}{section.5.2}% 65
\BOOKMARK [2][-]{subsection.5.2.2}{User Interface}{section.5.2}% 66
\BOOKMARK [0][-]{chapter.6}{Conclusion}{}% 67
\BOOKMARK [0][-]{section*.103}{Appendices}{}% 68
\BOOKMARK [0][-]{appendix.1.A}{Docker}{}% 69
\BOOKMARK [1][-]{section.1.A.1}{Install Docker in Ubuntu Using Command Line}{appendix.1.A}% 70
\BOOKMARK [2][-]{subsection.1.A.1.1}{Setup repository}{section.1.A.1}% 71
\BOOKMARK [2][-]{subsection.1.A.1.2}{Install Docker Community}{section.1.A.1}% 72
\BOOKMARK [1][-]{section.1.A.2}{Run Image Using Docker Hub}{appendix.1.A}% 73
\BOOKMARK [0][-]{appendix.1.B}{MySql}{}% 74
\BOOKMARK [1][-]{section.1.B.1}{Install Mysql in Linux Using Command Line}{appendix.1.B}% 75
\BOOKMARK [2][-]{subsection.1.B.1.1}{Install MySQL-shell}{section.1.B.1}% 76
\BOOKMARK [2][-]{subsection.1.B.1.2}{Install MySql server}{section.1.B.1}% 77
\BOOKMARK [2][-]{subsection.1.B.1.3}{Uninstall MySql server}{section.1.B.1}% 78
\BOOKMARK [2][-]{subsection.1.B.1.4}{Setup Replication}{section.1.B.1}% 79
\BOOKMARK [0][-]{appendix.1.C}{Neo4J}{}% 80
\BOOKMARK [1][-]{section.1.C.1}{Neo4j With Docker}{appendix.1.C}% 81
\BOOKMARK [2][-]{subsection.1.C.1.1}{Install}{section.1.C.1}% 82
\BOOKMARK [2][-]{subsection.1.C.1.2}{Access bash console:}{section.1.C.1}% 83
\BOOKMARK [0][-]{appendix.1.D}{Google Cloud Storage}{}% 84
\BOOKMARK [1][-]{section.1.D.1}{Upload Images To Bucket}{appendix.1.D}% 85
\BOOKMARK [0][-]{appendix.1.E}{Goland}{}% 86
\BOOKMARK [1][-]{section.1.E.1}{Create and Publish Modules}{appendix.1.E}% 87
\BOOKMARK [1][-]{section.1.E.2}{Install Go in Linux}{appendix.1.E}% 88
\BOOKMARK [1][-]{section.1.E.3}{Go Docker Image}{appendix.1.E}% 89
\BOOKMARK [1][-]{section.1.E.4}{Protocol Buffer}{appendix.1.E}% 90
\BOOKMARK [0][-]{appendix.1.F}{How to run}{}% 91
\BOOKMARK [0][-]{appendix.1.G}{Installation \046 User Guide}{}% 92
